<?xml version="1.0" encoding="UTF-8"?>
<testsuite xmlns:xsi="http://www.w3.org/2001/XMLSchema-instance" xsi:schemaLocation="https://maven.apache.org/surefire/maven-surefire-plugin/xsd/surefire-test-report.xsd" name="TestSuite" time="24.071" tests="1" errors="0" skipped="0" failures="1">
  <properties>
[...]
</properties>
  <testcase name="comic_001" classname="main.TC01_공통" time="14.23">
    <failure message="Cannot click on element (WARNING: The server did not provide any stacktrace information)&#10;Command duration or timeout: 103 milliseconds&#10;Build info: version: &apos;2.48.2&apos;, revision: &apos;41bccdd&apos;, time: &apos;2015-10-09 19:59:12&apos;&#10;System info: host: &apos;WIN-4FMBHHT0AJI&apos;, ip: &apos;10.12.45.232&apos;, os.name: &apos;Windows 7&apos;, os.arch: &apos;amd64&apos;, os.version: &apos;6.1&apos;, java.version: &apos;1.8.0_92&apos;&#10;Driver info: org.openqa.selenium.ie.InternetExplorerDriver&#10;Capabilities [{browserAttachTimeout=0, enablePersistentHover=true, ie.forceCreateProcessApi=false, ie.usePerProcessProxy=false, ignoreZoomSetting=false, handlesAlerts=true, version=10, platform=WINDOWS, nativeEvents=true, ie.ensureCleanSession=false, elementScrollBehavior=0, ie.browserCommandLineSwitches=, requireWindowFocus=false, browserName=internet explorer, initialBrowserUrl=http://localhost:39320/, takesScreenshot=true, javascriptEnabled=true, ignoreProtectedModeSettings=false, enableElementCacheCleanup=true, cssSelectorsEnabled=true, unexpectedAlertBehaviour=dismiss}]&#10;Session ID: c13cd776-db5a-4452-9b14-30514161987f&#10;Command duration or timeout: 514 milliseconds&#10;Build info: version: &apos;2.48.0&apos;, revision: &apos;b7b081a4f1289f17e8ecd38bc67e137c2a12e34a&apos;, time: &apos;2015-10-07 09:50:14&apos;&#10;System info: host: &apos;WIN-4FMBHHT0AJI&apos;, ip: &apos;10.12.45.232&apos;, os.name: &apos;Windows 7&apos;, os.arch: &apos;amd64&apos;, os.version: &apos;6.1&apos;, java.version: &apos;1.8.0_73&apos;&#10;Driver info: org.openqa.selenium.remote.RemoteWebDriver&#10;Capabilities [{browserAttachTimeout=0, enablePersistentHover=true, ie.forceCreateProcessApi=false, ie.usePerProcessProxy=false, ignoreZoomSetting=false, handlesAlerts=true, version=10, platform=WINDOWS, nativeEvents=true, ie.ensureCleanSession=false, elementScrollBehavior=0, ie.browserCommandLineSwitches=, webdriver.remote.sessionid=946644dc-1fce-4eb1-8431-9fc020b81a43, requireWindowFocus=false, browserName=internet explorer, initialBrowserUrl=http://localhost:39320/, takesScreenshot=true, javascriptEnabled=true, ignoreProtectedModeSettings=false, enableElementCacheCleanup=true, cssSelectorsEnabled=true, unexpectedAlertBehaviour=dismiss}]&#10;Session ID: 946644dc-1fce-4eb1-8431-9fc020b81a43" type="org.openqa.selenium.ElementNotVisibleException">org.openqa.selenium.ElementNotVisibleException: 
Cannot click on element (WARNING: The server did not provide any stacktrace information)
Command duration or timeout: 103 milliseconds
Build info: version: '2.48.2', revision: '41bccdd', time: '2015-10-09 19:59:12'
System info: host: 'WIN-4FMBHHT0AJI', ip: '10.12.45.232', os.name: 'Windows 7', os.arch: 'amd64', os.version: '6.1', java.version: '1.8.0_92'
Driver info: org.openqa.selenium.ie.InternetExplorerDriver
Capabilities [{browserAttachTimeout=0, enablePersistentHover=true, ie.forceCreateProcessApi=false, ie.usePerProcessProxy=false, ignoreZoomSetting=false, handlesAlerts=true, version=10, platform=WINDOWS, nativeEvents=true, ie.ensureCleanSession=false, elementScrollBehavior=0, ie.browserCommandLineSwitches=, requireWindowFocus=false, browserName=internet explorer, initialBrowserUrl=http://localhost:39320/, takesScreenshot=true, javascriptEnabled=true, ignoreProtectedModeSettings=false, enableElementCacheCleanup=true, cssSelectorsEnabled=true, unexpectedAlertBehaviour=dismiss}]
Session ID: c13cd776-db5a-4452-9b14-30514161987f
Command duration or timeout: 514 milliseconds
Build info: version: '2.48.0', revision: 'b7b081a4f1289f17e8ecd38bc67e137c2a12e34a', time: '2015-10-07 09:50:14'
System info: host: 'WIN-4FMBHHT0AJI', ip: '10.12.45.232', os.name: 'Windows 7', os.arch: 'amd64', os.version: '6.1', java.version: '1.8.0_73'
Driver info: org.openqa.selenium.remote.RemoteWebDriver
Capabilities [{browserAttachTimeout=0, enablePersistentHover=true, ie.forceCreateProcessApi=false, ie.usePerProcessProxy=false, ignoreZoomSetting=false, handlesAlerts=true, version=10, platform=WINDOWS, nativeEvents=true, ie.ensureCleanSession=false, elementScrollBehavior=0, ie.browserCommandLineSwitches=, webdriver.remote.sessionid=946644dc-1fce-4eb1-8431-9fc020b81a43, requireWindowFocus=false, browserName=internet explorer, initialBrowserUrl=http://localhost:39320/, takesScreenshot=true, javascriptEnabled=true, ignoreProtectedModeSettings=false, enableElementCacheCleanup=true, cssSelectorsEnabled=true, unexpectedAlertBehaviour=dismiss}]
Session ID: 946644dc-1fce-4eb1-8431-9fc020b81a43
	at main.TC01_공통.comic_001(TC01_공통.java:44)
Caused by: org.openqa.selenium.remote.ScreenshotException: 
Screen shot has been taken
Build info: version: '2.48.0', revision: 'b7b081a4f1289f17e8ecd38bc67e137c2a12e34a', time: '2015-10-07 09:50:14'
System info: host: 'WIN-4FMBHHT0AJI', ip: '10.12.45.232', os.name: 'Windows 7', os.arch: 'amd64', os.version: '6.1', java.version: '1.8.0_73'
Driver info: driver.version: RemoteWebDriver
	at main.TC01_공통.comic_001(TC01_공통.java:44)
Caused by: org.openqa.selenium.ElementNotVisibleException: 
Cannot click on element (WARNING: The server did not provide any stacktrace information)
Command duration or timeout: 103 milliseconds
Build info: version: '2.48.2', revision: '41bccdd', time: '2015-10-09 19:59:12'
System info: host: 'WIN-4FMBHHT0AJI', ip: '10.12.45.232', os.name: 'Windows 7', os.arch: 'amd64', os.version: '6.1', java.version: '1.8.0_92'
Driver info: org.openqa.selenium.ie.InternetExplorerDriver
Capabilities [{browserAttachTimeout=0, enablePersistentHover=true, ie.forceCreateProcessApi=false, ie.usePerProcessProxy=false, ignoreZoomSetting=false, handlesAlerts=true, version=10, platform=WINDOWS, nativeEvents=true, ie.ensureCleanSession=false, elementScrollBehavior=0, ie.browserCommandLineSwitches=, requireWindowFocus=false, browserName=internet explorer, initialBrowserUrl=http://localhost:39320/, takesScreenshot=true, javascriptEnabled=true, ignoreProtectedModeSettings=false, enableElementCacheCleanup=true, cssSelectorsEnabled=true, unexpectedAlertBehaviour=dismiss}]
Session ID: c13cd776-db5a-4452-9b14-30514161987f
Build info: version: '2.48.0', revision: 'b7b081a4f1289f17e8ecd38bc67e137c2a12e34a', time: '2015-10-07 09:50:14'
System info: host: 'WIN-4FMBHHT0AJI', ip: '10.12.45.232', os.name: 'Windows 7', os.arch: 'amd64', os.version: '6.1', java.version: '1.8.0_73'
Driver info: driver.version: RemoteWebDriver
</failure>
    <system-out><![CDATA[browser check: internet explorer
****open browser**********
GNB 클릭: http://www.naver.com/
GNB 클릭: http://novel.naver.com/webnovel/weekday.nhn
로그인 정보nvqa_2tc028/ qalab123
로그인 정보nv_cjdthsus1235/ nhn123!@#
]]></system-out>
  </testcase>
</testsuite>