<?xml version="1.0" encoding="UTF-8"?>
<testng-results skipped="0" failed="0" total="1" passed="1">
  <reporter-output>
  </reporter-output>
  <suite name="Parallel Tests" duration-ms="96272" started-at="2016-06-30T01:16:27Z" finished-at="2016-06-30T01:18:03Z">
    <groups>
    </groups>
    <test name="test" duration-ms="96272" started-at="2016-06-30T01:16:27Z" finished-at="2016-06-30T01:18:03Z">
      <class name="main.TC01_공통">
        <test-method status="PASS" signature="test(java.lang.String)[pri:0, instance:main.TC01_공통@1554909b]" name="test" is-config="true" duration-ms="4727" started-at="2016-06-30T10:16:27Z" finished-at="2016-06-30T10:16:32Z">
          <params>
            <param index="0">
              <value>
                <![CDATA[internet explorer]]>
              </value>
            </param>
          </params>
          <reporter-output>
          </reporter-output>
        </test-method> <!-- test -->
        <test-method status="PASS" signature="comic_001()[pri:0, instance:main.TC01_공통@1554909b]" name="comic_001" duration-ms="86811" started-at="2016-06-30T10:16:32Z" finished-at="2016-06-30T10:17:59Z">
          <reporter-output>
          </reporter-output>
        </test-method> <!-- comic_001 -->
        <test-method status="PASS" signature="afterClass()[pri:0, instance:main.TC01_공통@1554909b]" name="afterClass" is-config="true" duration-ms="4727" started-at="2016-06-30T10:17:59Z" finished-at="2016-06-30T10:18:03Z">
          <reporter-output>
          </reporter-output>
        </test-method> <!-- afterClass -->
      </class> <!-- main.TC01_공통 -->
    </test> <!-- test -->
  </suite> <!-- Parallel Tests -->
</testng-results>
