<?xml version="1.0" encoding="UTF-8"?>
<testng-results skipped="0" failed="0" total="1" passed="1">
  <reporter-output>
  </reporter-output>
  <suite name="Parallel Tests" duration-ms="46160" started-at="2016-06-16T06:56:18Z" finished-at="2016-06-16T06:57:04Z">
    <groups>
    </groups>
    <test name="test" duration-ms="46160" started-at="2016-06-16T06:56:18Z" finished-at="2016-06-16T06:57:04Z">
      <class name="main.TC01_공통">
        <test-method status="PASS" signature="test(java.lang.String)[pri:0, instance:main.TC01_공통@3c5a99da]" name="test" is-config="true" duration-ms="4636" started-at="2016-06-16T15:56:18Z" finished-at="2016-06-16T15:56:22Z">
          <params>
            <param index="0">
              <value>
                <![CDATA[internet explorer]]>
              </value>
            </param>
          </params>
          <reporter-output>
          </reporter-output>
        </test-method> <!-- test -->
        <test-method status="PASS" signature="comic_001()[pri:0, instance:main.TC01_공통@3c5a99da]" name="comic_001" duration-ms="36783" started-at="2016-06-16T15:56:22Z" finished-at="2016-06-16T15:56:59Z">
          <reporter-output>
          </reporter-output>
        </test-method> <!-- comic_001 -->
        <test-method status="PASS" signature="afterClass()[pri:0, instance:main.TC01_공통@3c5a99da]" name="afterClass" is-config="true" duration-ms="4726" started-at="2016-06-16T15:56:59Z" finished-at="2016-06-16T15:57:04Z">
          <reporter-output>
          </reporter-output>
        </test-method> <!-- afterClass -->
      </class> <!-- main.TC01_공통 -->
    </test> <!-- test -->
  </suite> <!-- Parallel Tests -->
</testng-results>
